2025-08-02T10:24:10.233Z - jiv_28: Ah et si t’es pas content tu peux juste leave
2025-08-02T10:31:50.274Z - tollerion: <@568775627058970635> N'aurait t-il pas été plus sage de ne pas ping tout le monde et d'en parler juste en privé ?
2025-08-02T10:44:26.140Z - max.x.: J’avais pas vu alors mb
2025-08-02T10:44:43.840Z - vanguard_arbinger: aussi
2025-08-02T10:45:10.235Z - tollerion: Non, quand même pas.
2025-08-02T10:45:20.342Z - max.x.: Fallait dire dans hrp
2025-08-02T10:45:23.788Z - tollerion: Juste un militant hyper arrogant du RN.
2025-08-02T10:45:24.607Z - max.x.: Mais c’est qu’un détail
2025-08-02T10:45:29.874Z - max.x.: sans ping
2025-08-02T10:46:42.377Z - tollerion: Et nous le dire avant 😭
2025-08-02T10:48:48.269Z - vanguard_arbinger: non sa va on a pas eu trop de réaction
2025-08-02T10:54:54.915Z - max.x.: non ça change rien ça
2025-08-02T10:55:01.569Z - max.x.: Faut pas lui en vouloir
2025-08-02T10:58:15.057Z - ebrithilar_elda: Xénophobe, antisémite, eugéniste
2025-08-02T11:01:04.639Z - phenyklendae: Vous avez surtout rien préparé mdrr.
2025-08-02T11:01:28.746Z - rg1873: Pdtrrr on plus bossé pour la campagne que vous 🤣
2025-08-02T11:01:38.750Z - rg1873: C’est l’hôpital qui se moque de la charité
2025-08-02T11:01:43.310Z - phenyklendae: Du moment où vous sous-estimez vos adversaires, c'est là que vous vous tirer une balle dans le pied.
2025-08-02T11:01:55.589Z - rg1873: C’est le jeu, aussi, c’est tout
2025-08-02T11:02:13.756Z - rg1873: On a l’humilité de reconnaître qu’on n’est pas omniscients non plus
2025-08-02T11:02:29.651Z - rg1873: Quitte à penser comme ça, vous croyiez vous-mêmes obtenir une majorité absolue
2025-08-02T11:02:39.468Z - phenyklendae: Aussi, mais vous vous êtes pas préparé à tout les scénarios mentalement, et là personnellement je monte la surenchère avec Carmélia, mais le PLDL a tout son temps.
2025-08-02T11:02:57.392Z - rg1873: Ça, tu n’en sais rien.
2025-08-02T11:04:26.093Z - phenyklendae: Je sais ce que je dis...on a tout notre temps. Dépend des enjeux, et des volontés de chacun, et des réactions de tous, mais on a tout notre temps, et Volvik devrait pour le coup ne pas partir en kamikaze ou forcené, et tenter le coup, ça peut lui être bénef pour la suite, à voir...
2025-08-02T11:05:08.986Z - rg1873: Tu philosophes un peu trop, reste dans le concret.
2025-08-02T11:05:21.438Z - rg1873: On n’a pas dit notre dernier mot, et encore une fois, vous n’avez pas gagné.
2025-08-02T11:05:22.027Z - phenyklendae: Ptet.
2025-08-02T11:07:04.175Z - phenyklendae: Encore une fois, suffit d'user des pions, et des cartes pour être dans la meilleure des situations. Le PLDL n'est ptet pas gagnant, mais je préfère être pivot-isolé pour un temps, que d'être dans votre situation, tôt ou tard ça finira par céder. Ça peut arriver à l'instant, demain, ou dans 3-4 semaines...
2025-08-02T11:07:34.045Z - rg1873: Si c’est le cas, vous tomberez sous les coups d’uns dissolution.
2025-08-02T11:07:40.334Z - kelyan_966: ouais mais flemme de dm tout le monde , là au moins je suis sur tout le monde a vu et puis voilà
2025-08-02T11:07:41.378Z - phenyklendae: Que SV sache ce qu'il a à faire.
2025-08-02T11:07:49.172Z - phenyklendae: Ça nous arrange en vrai.
2025-08-02T11:07:53.706Z - rg1873: A savoir : s’opposer à vous.
2025-08-02T11:08:04.708Z - rg1873: Pas sûr, tu me prends pour plus bête que je ne le suis.
2025-08-02T11:08:15.228Z - phenyklendae: Stratégie voulue, stratégie à assumer.
2025-08-02T11:08:29.564Z - rg1873: Parole inutile, c’est évident.
2025-08-02T11:09:20.616Z - tollerion: Effectivement maintenant tout le monde est au courant...
2025-08-02T11:09:48.855Z - phenyklendae: Non, non, je sais que t'as une stratégie, mais nous aussi on en a une, et je pense qu'à la fin vous devrez acceptez de faire ami-ami.
2025-08-02T11:09:58.174Z - tollerion: Si j'ai bien compris, en fait tu es lycéen en Rhône-Alpes, c'est ça ?
2025-08-02T11:10:06.491Z - rg1873: Tu me prends vraiment pour plus bête que je ne suis.
2025-08-02T11:10:08.902Z - kelyan_966: Oui
2025-08-02T11:10:11.786Z - rg1873: Et tu ne t’en rends pas compte.
2025-08-02T11:10:33.022Z - tollerion: Et tu sais où tu vas t'engager en politique ?
2025-08-02T11:10:48.469Z - tollerion: Je crois que tu peux déjà adhérer à un parti politique avec l'autorisation parentale.
2025-08-02T11:10:59.459Z - kelyan_966: J'ai adhéré chez LR
2025-08-02T11:10:59.465Z - majusculep.pavulam.3436: Si PPL et PLDL s'étaient alliés ç'aurait été très serré
On aurait eu le même score (23/50) et les campagnes auraient peu changé le résultat final
Mais je pense pas que le PCL aurait accepté la droite comme dirigeants
2025-08-02T11:11:17.374Z - majusculep.pavulam.3436: Pourquoi faire ?
2025-08-02T11:11:34.910Z - kelyan_966: Et je suis dans le mouvement d'une candidate pour la présidence des jeunes LR , et un autre le MRR qui inclue des jeunes LR , de droite , ceux de Lisnard ect
2025-08-02T11:12:02.790Z - tollerion: Qui inclut ceux de Lisnard ?
2025-08-02T11:12:27.523Z - phenyklendae: Car ça irait en votre défaveur dans tout les cas, on a plusieurs possibilités, et le rôle du pivot c'est nous, une réaction d'un camp entraînera un effet, qui va arriver ptet instantanément ou plus tard, chaque chose sera prise en compte point par point, donc que Volvik, Simon, et les autres sachent comment réagir, et qu'ils se décident réellement sur leurs motivations.
2025-08-02T11:12:34.292Z - kelyan_966: ouais c'est les républicains , et des variantes de la droite
2025-08-02T11:12:47.287Z - kelyan_966: le Mouvement Républicain du Renouveau
2025-08-02T11:13:03.778Z - tollerion: Ça inclut Nouvelle Énergie ?
2025-08-02T11:13:10.218Z - phenyklendae: Un blocage institutionnelle pour pousser à une dissolution fait parti de ces possibilités.
2025-08-02T11:13:35.374Z - kelyan_966: Ouais , en gros ceux qui sont de droite peuvent venir , y'a même des Ciotti pour te dire et un peu de macron
2025-08-02T11:13:51.981Z - phenyklendae: Tout comme un isolement du PLDL, qui risque pas de durer finalement, et entraînera un effet domino..
2025-08-02T11:13:53.671Z - tollerion: C'est large.
2025-08-02T11:14:49.751Z - tollerion: Il a tenu des propos antisémite ?
2025-08-02T11:15:00.560Z - kelyan_966: Ouais c'est pour ça que c'est un mouvement de jeune
2025-08-02T11:15:05.188Z - phenyklendae: Ce serait serré, mais je pense qu'on finirait par l'emporter, et les communistes, aurait qu'un député finalement.
2025-08-02T11:15:11.276Z - tollerion: Ou ça ?
2025-08-02T11:15:18.917Z - majusculep.pavulam.3436: Après 8+1 c'est plus que 8
2025-08-02T11:15:20.731Z - phenyklendae: Donc ça change pas grand chose selon moi.
2025-08-02T11:15:45.598Z - phenyklendae: 7+1 ducoup
2025-08-02T11:15:51.005Z - majusculep.pavulam.3436: Nan ?
2025-08-02T11:15:55.541Z - phenyklendae: Si on se réfère à là.
2025-08-02T11:16:16.864Z - majusculep.pavulam.3436: Si vous vous étiez alliés ça aurait été 8/8/1
2025-08-02T11:17:39.915Z - kelyan_966: et j'ai un stage avec Virginie Duby-Muller à la toussaint
2025-08-02T11:17:43.347Z - phenyklendae: Qu'on arrive à égalité en nb de député non je pense pas. 

Ça aurait été plus un 10/8/1 en vrai, car une alliance PPL-PLDL aurait entraîné plus de ralliement au sein du serv je pense.
2025-08-02T11:18:05.728Z - tollerion: A donc tu as fait ton stage de troisième avec elle.
2025-08-02T11:18:06.184Z - majusculep.pavulam.3436: 10/8/1 ?
2025-08-02T11:18:07.176Z - phenyklendae: Mais ça reste que des spéculations, basons nous sur le présent, et les faits actuels.
2025-08-02T11:18:13.966Z - rg1873: Je sais pas où tu trouves 19 députés dans une assemblée de 17
2025-08-02T11:18:17.135Z - majusculep.pavulam.3436: Si clairement
Les voix auraient pas changé
2025-08-02T11:18:27.777Z - rg1873: A une ou deux près
2025-08-02T11:18:30.128Z - kelyan_966: Nan nan stage de base pas 3e ni 2nd
2025-08-02T11:18:30.411Z - rg1873: Et encore
2025-08-02T11:18:40.369Z - phenyklendae: Ah damn y a 17 député ?
2025-08-02T11:18:44.791Z - rg1873: Il faudrait beaucoup plus de votants total pour qu’il y ait un véritable impact
2025-08-02T11:18:47.513Z - majusculep.pavulam.3436: En notre faveur sûrement
2025-08-02T11:18:56.020Z - rg1873: Depuis 400 milliards d’années environ
